2024-12-19 11:29:12.185 [background-preinit] INFO  o.h.validator.internal.util.Version [] - HV000001: Hibernate Validator 8.0.1.Final
2024-12-19 11:29:12.311 [main] INFO  g.i.j.JetcsServiceHandlerApplication [] - Starting JetcsServiceHandlerApplication using Java 17.0.6 with PID 27944 (C:\Projects\Github\IRS_JETCS_jios-taxCalculator-variance\ecm-parentMaven\jios-taxCalculator-variance\target\classes started by hc3tb in C:\Projects\Github\IRS_JETCS_jios-taxCalculator-variance\ecm-parentMaven\jios-taxCalculator-variance)
2024-12-19 11:29:12.311 [main] DEBUG g.i.j.JetcsServiceHandlerApplication [] - Running with Spring Boot v3.3.4, Spring v6.1.13
2024-12-19 11:29:12.311 [main] INFO  g.i.j.JetcsServiceHandlerApplication [] - No active profile set, falling back to 1 default profile: "default"
2024-12-19 11:29:15.623 [main] INFO  o.s.cloud.context.scope.GenericScope [] - BeanFactory id=0348ba65-3e42-3584-bf31-ff4e938a56d9
2024-12-19 11:29:16.977 [main] INFO  o.s.b.w.e.tomcat.TomcatWebServer [] - Tomcat initialized with port 8080 (http)
2024-12-19 11:29:16.991 [main] INFO  o.a.coyote.http11.Http11NioProtocol [] - Initializing ProtocolHandler ["http-nio-8080"]
2024-12-19 11:29:16.995 [main] INFO  o.a.catalina.core.StandardService [] - Starting service [Tomcat]
2024-12-19 11:29:16.996 [main] INFO  o.a.catalina.core.StandardEngine [] - Starting Servlet engine: [Apache Tomcat/10.1.30]
2024-12-19 11:29:17.180 [main] INFO  o.a.c.c.C.[Tomcat].[localhost].[/] [] - Initializing Spring embedded WebApplicationContext
2024-12-19 11:29:17.180 [main] INFO  o.s.b.w.s.c.ServletWebServerApplicationContext [] - Root WebApplicationContext: initialization completed in 4693 ms
2024-12-19 11:29:18.396 [main] INFO  g.i.j.common.logging.LoggingAspect [] - Entering: gov.irs.jios.JetcsServiceHandlerApplication.commandLineRunner
2024-12-19 11:29:18.397 [main] INFO  g.i.j.common.logging.LoggingAspect [] - Exiting: gov.irs.jios.JetcsServiceHandlerApplication.commandLineRunner - Execution time: 2 ms
2024-12-19 11:29:21.836 [main] INFO  o.s.cloud.commons.util.InetUtils [] - Cannot determine local hostname
2024-12-19 11:29:23.652 [main] INFO  o.s.cloud.commons.util.InetUtils [] - Cannot determine local hostname
2024-12-19 11:29:23.767 [main] INFO  o.s.b.a.e.web.EndpointLinksResolver [] - Exposing 1 endpoint beneath base path '/jios-taxcalculator/actuator'
2024-12-19 11:29:24.829 [main] INFO  o.a.coyote.http11.Http11NioProtocol [] - Starting ProtocolHandler ["http-nio-8080"]
2024-12-19 11:29:24.878 [main] INFO  o.s.b.w.e.tomcat.TomcatWebServer [] - Tomcat started on port 8080 (http) with context path '/'
2024-12-19 11:29:26.099 [main] INFO  o.s.cloud.commons.util.InetUtils [] - Cannot determine local hostname
2024-12-19 11:29:27.253 [main] INFO  o.s.cloud.commons.util.InetUtils [] - Cannot determine local hostname
2024-12-19 11:29:27.293 [main] INFO  g.i.j.JetcsServiceHandlerApplication [] - Started JetcsServiceHandlerApplication in 16.944 seconds (process running for 19.471)
2024-12-19 11:29:27.388 [main] DEBUG g.i.j.JetcsServiceHandlerApplication [] - ************************************** Beans from ApplicationContext **************************************
2024-12-19 11:29:27.389 [main] DEBUG g.i.j.JetcsServiceHandlerApplication [] - org.springframework.context.annotation.internalConfigurationAnnotationProcessor
2024-12-19 11:29:27.389 [main] DEBUG g.i.j.JetcsServiceHandlerApplication [] - org.springframework.context.annotation.internalAutowiredAnnotationProcessor
2024-12-19 11:29:27.389 [main] DEBUG g.i.j.JetcsServiceHandlerApplication [] - org.springframework.context.annotation.internalCommonAnnotationProcessor
2024-12-19 11:29:27.389 [main] DEBUG g.i.j.JetcsServiceHandlerApplication [] - org.springframework.context.event.internalEventListenerProcessor
2024-12-19 11:29:27.390 [main] DEBUG g.i.j.JetcsServiceHandlerApplication [] - org.springframework.context.event.internalEventListenerFactory
2024-12-19 11:29:27.390 [main] DEBUG g.i.j.JetcsServiceHandlerApplication [] - jetcsServiceHandlerApplication
2024-12-19 11:29:27.390 [main] DEBUG g.i.j.JetcsServiceHandlerApplication [] - org.springframework.boot.autoconfigure.internalCachingMetadataReaderFactory
2024-12-19 11:29:27.391 [main] DEBUG g.i.j.JetcsServiceHandlerApplication [] - ETCSAsyncConfig
2024-12-19 11:29:27.391 [main] DEBUG g.i.j.JetcsServiceHandlerApplication [] - varianceAnalysisController
2024-12-19 11:29:27.392 [main] DEBUG g.i.j.JetcsServiceHandlerApplication [] - payloadSizeLimitFilter
2024-12-19 11:29:27.392 [main] DEBUG g.i.j.JetcsServiceHandlerApplication [] - ETCSExceptionHandler
2024-12-19 11:29:27.392 [main] DEBUG g.i.j.JetcsServiceHandlerApplication [] - loggingHandler
2024-12-19 11:29:27.392 [main] DEBUG g.i.j.JetcsServiceHandlerApplication [] - dynamicMappingConfigLoader
2024-12-19 11:29:27.394 [main] DEBUG g.i.j.JetcsServiceHandlerApplication [] - jacksonConfig
2024-12-19 11:29:27.394 [main] DEBUG g.i.j.JetcsServiceHandlerApplication [] - swaggerConfig
2024-12-19 11:29:27.394 [main] DEBUG g.i.j.JetcsServiceHandlerApplication [] - calculatePenaltyAndInterestService
2024-12-19 11:29:27.394 [main] DEBUG g.i.j.JetcsServiceHandlerApplication [] - ecmPreProcessorRegistry
2024-12-19 11:29:27.394 [main] DEBUG g.i.j.JetcsServiceHandlerApplication [] - lineItemCopyPreProcessor
2024-12-19 11:29:27.394 [main] DEBUG g.i.j.JetcsServiceHandlerApplication [] - DMIConfig
2024-12-19 11:29:27.395 [main] DEBUG g.i.j.JetcsServiceHandlerApplication [] - pingConfig
2024-12-19 11:29:27.395 [main] DEBUG g.i.j.JetcsServiceHandlerApplication [] - trConfig
2024-12-19 11:29:27.395 [main] DEBUG g.i.j.JetcsServiceHandlerApplication [] - authLocatorService
2024-12-19 11:29:27.395 [main] DEBUG g.i.j.JetcsServiceHandlerApplication [] - closeLocatorService
2024-12-19 11:29:27.397 [main] DEBUG g.i.j.JetcsServiceHandlerApplication [] - downloadSnapshotService
2024-12-19 11:29:27.397 [main] DEBUG g.i.j.JetcsServiceHandlerApplication [] - errorTransformationService
2024-12-19 11:29:27.397 [main] DEBUG g.i.j.JetcsServiceHandlerApplication [] - openSessionService
2024-12-19 11:29:27.397 [main] DEBUG g.i.j.JetcsServiceHandlerApplication [] - openSnapshotService
2024-12-19 11:29:27.397 [main] DEBUG g.i.j.JetcsServiceHandlerApplication [] - pingTokenService
2024-12-19 11:29:27.398 [main] DEBUG g.i.j.JetcsServiceHandlerApplication [] - retrieveFieldsService
2024-12-19 11:29:27.398 [main] DEBUG g.i.j.JetcsServiceHandlerApplication [] - saveFieldsService
2024-12-19 11:29:27.398 [main] DEBUG g.i.j.JetcsServiceHandlerApplication [] - transformationService
2024-12-19 11:29:27.399 [main] DEBUG g.i.j.JetcsServiceHandlerApplication [] - loggingAspect
2024-12-19 11:29:27.399 [main] DEBUG g.i.j.JetcsServiceHandlerApplication [] - profilingAspect
2024-12-19 11:29:27.399 [main] DEBUG g.i.j.JetcsServiceHandlerApplication [] - objectMapper
2024-12-19 11:29:27.400 [main] DEBUG g.i.j.JetcsServiceHandlerApplication [] - publicAPI
2024-12-19 11:29:27.400 [main] DEBUG g.i.j.JetcsServiceHandlerApplication [] - org.springframework.scheduling.annotation.ProxyAsyncConfiguration
2024-12-19 11:29:27.400 [main] DEBUG g.i.j.JetcsServiceHandlerApplication [] - org.springframework.context.annotation.internalAsyncAnnotationProcessor
2024-12-19 11:29:27.400 [main] DEBUG g.i.j.JetcsServiceHandlerApplication [] - commandLineRunner
2024-12-19 11:29:27.401 [main] DEBUG g.i.j.JetcsServiceHandlerApplication [] - org.springframework.boot.autoconfigure.AutoConfigurationPackages
2024-12-19 11:29:27.401 [main] DEBUG g.i.j.JetcsServiceHandlerApplication [] - org.springframework.boot.autoconfigure.context.MessageSourceAutoConfiguration
2024-12-19 11:29:27.401 [main] DEBUG g.i.j.JetcsServiceHandlerApplication [] - messageSourceProperties
2024-12-19 11:29:27.402 [main] DEBUG g.i.j.JetcsServiceHandlerApplication [] - messageSource
2024-12-19 11:29:27.402 [main] DEBUG g.i.j.JetcsServiceHandlerApplication [] - org.springframework.boot.context.properties.ConfigurationPropertiesBindingPostProcessor
2024-12-19 11:29:27.402 [main] DEBUG g.i.j.JetcsServiceHandlerApplication [] - org.springframework.boot.context.internalConfigurationPropertiesBinder
2024-12-19 11:29:27.403 [main] DEBUG g.i.j.JetcsServiceHandlerApplication [] - org.springframework.boot.context.properties.BoundConfigurationProperties
2024-12-19 11:29:27.403 [main] DEBUG g.i.j.JetcsServiceHandlerApplication [] - org.springframework.boot.context.properties.EnableConfigurationPropertiesRegistrar.methodValidationExcludeFilter
2024-12-19 11:29:27.403 [main] DEBUG g.i.j.JetcsServiceHandlerApplication [] - org.springframework.boot.autoconfigure.context.PropertyPlaceholderAutoConfiguration
2024-12-19 11:29:27.403 [main] DEBUG g.i.j.JetcsServiceHandlerApplication [] - propertySourcesPlaceholderConfigurer
2024-12-19 11:29:27.404 [main] DEBUG g.i.j.JetcsServiceHandlerApplication [] - org.springframework.boot.autoconfigure.ssl.SslAutoConfiguration
2024-12-19 11:29:27.404 [main] DEBUG g.i.j.JetcsServiceHandlerApplication [] - fileWatcher
2024-12-19 11:29:27.405 [main] DEBUG g.i.j.JetcsServiceHandlerApplication [] - sslPropertiesSslBundleRegistrar
2024-12-19 11:29:27.405 [main] DEBUG g.i.j.JetcsServiceHandlerApplication [] - sslBundleRegistry
2024-12-19 11:29:27.405 [main] DEBUG g.i.j.JetcsServiceHandlerApplication [] - spring.ssl-org.springframework.boot.autoconfigure.ssl.SslProperties
2024-12-19 11:29:27.405 [main] DEBUG g.i.j.JetcsServiceHandlerApplication [] - org.springframework.boot.autoconfigure.websocket.servlet.WebSocketServletAutoConfiguration$TomcatWebSocketConfiguration
2024-12-19 11:29:27.406 [main] DEBUG g.i.j.JetcsServiceHandlerApplication [] - websocketServletWebServerCustomizer
2024-12-19 11:29:27.406 [main] DEBUG g.i.j.JetcsServiceHandlerApplication [] - org.springframework.boot.autoconfigure.websocket.servlet.WebSocketServletAutoConfiguration
2024-12-19 11:29:27.406 [main] DEBUG g.i.j.JetcsServiceHandlerApplication [] - org.springframework.boot.autoconfigure.web.servlet.ServletWebServerFactoryConfiguration$EmbeddedTomcat
2024-12-19 11:29:27.406 [main] DEBUG g.i.j.JetcsServiceHandlerApplication [] - tomcatServletWebServerFactory
2024-12-19 11:29:27.406 [main] DEBUG g.i.j.JetcsServiceHandlerApplication [] - org.springframework.boot.autoconfigure.web.servlet.ServletWebServerFactoryAutoConfiguration
2024-12-19 11:29:27.406 [main] DEBUG g.i.j.JetcsServiceHandlerApplication [] - servletWebServerFactoryCustomizer
2024-12-19 11:29:27.406 [main] DEBUG g.i.j.JetcsServiceHandlerApplication [] - tomcatServletWebServerFactoryCustomizer
2024-12-19 11:29:27.406 [main] DEBUG g.i.j.JetcsServiceHandlerApplication [] - server-org.springframework.boot.autoconfigure.web.ServerProperties
2024-12-19 11:29:27.408 [main] DEBUG g.i.j.JetcsServiceHandlerApplication [] - webServerFactoryCustomizerBeanPostProcessor
2024-12-19 11:29:27.408 [main] DEBUG g.i.j.JetcsServiceHandlerApplication [] - errorPageRegistrarBeanPostProcessor
2024-12-19 11:29:27.409 [main] DEBUG g.i.j.JetcsServiceHandlerApplication [] - org.springframework.boot.autoconfigure.web.servlet.DispatcherServletAutoConfiguration$DispatcherServletConfiguration
2024-12-19 11:29:27.409 [main] DEBUG g.i.j.JetcsServiceHandlerApplication [] - dispatcherServlet
2024-12-19 11:29:27.409 [main] DEBUG g.i.j.JetcsServiceHandlerApplication [] - spring.mvc-org.springframework.boot.autoconfigure.web.servlet.WebMvcProperties
2024-12-19 11:29:27.410 [main] DEBUG g.i.j.JetcsServiceHandlerApplication [] - org.springframework.boot.autoconfigure.web.servlet.DispatcherServletAutoConfiguration$DispatcherServletRegistrationConfiguration
2024-12-19 11:29:27.410 [main] DEBUG g.i.j.JetcsServiceHandlerApplication [] - dispatcherServletRegistration
2024-12-19 11:29:27.410 [main] DEBUG g.i.j.JetcsServiceHandlerApplication [] - org.springframework.boot.autoconfigure.web.servlet.DispatcherServletAutoConfiguration
2024-12-19 11:29:27.410 [main] DEBUG g.i.j.JetcsServiceHandlerApplication [] - org.springframework.boot.autoconfigure.jackson.JacksonAutoConfiguration$Jackson2ObjectMapperBuilderCustomizerConfiguration
2024-12-19 11:29:27.411 [main] DEBUG g.i.j.JetcsServiceHandlerApplication [] - standardJacksonObjectMapperBuilderCustomizer
2024-12-19 11:29:27.411 [main] DEBUG g.i.j.JetcsServiceHandlerApplication [] - spring.jackson-org.springframework.boot.autoconfigure.jackson.JacksonProperties
2024-12-19 11:29:27.411 [main] DEBUG g.i.j.JetcsServiceHandlerApplication [] - org.springframework.boot.autoconfigure.jackson.JacksonAutoConfiguration$JacksonObjectMapperBuilderConfiguration
2024-12-19 11:29:27.411 [main] DEBUG g.i.j.JetcsServiceHandlerApplication [] - jacksonObjectMapperBuilder
2024-12-19 11:29:27.412 [main] DEBUG g.i.j.JetcsServiceHandlerApplication [] - org.springframework.boot.autoconfigure.jackson.JacksonAutoConfiguration$ParameterNamesModuleConfiguration
2024-12-19 11:29:27.412 [main] DEBUG g.i.j.JetcsServiceHandlerApplication [] - parameterNamesModule
2024-12-19 11:29:27.412 [main] DEBUG g.i.j.JetcsServiceHandlerApplication [] - org.springframework.boot.autoconfigure.jackson.JacksonAutoConfiguration$JacksonObjectMapperConfiguration
2024-12-19 11:29:27.413 [main] DEBUG g.i.j.JetcsServiceHandlerApplication [] - org.springframework.boot.autoconfigure.jackson.JacksonAutoConfiguration$JacksonMixinConfiguration
2024-12-19 11:29:27.413 [main] DEBUG g.i.j.JetcsServiceHandlerApplication [] - jsonMixinModuleEntries
2024-12-19 11:29:27.413 [main] DEBUG g.i.j.JetcsServiceHandlerApplication [] - jsonMixinModule
2024-12-19 11:29:27.413 [main] DEBUG g.i.j.JetcsServiceHandlerApplication [] - org.springframework.boot.autoconfigure.jackson.JacksonAutoConfiguration
2024-12-19 11:29:27.414 [main] DEBUG g.i.j.JetcsServiceHandlerApplication [] - jsonComponentModule
2024-12-19 11:29:27.414 [main] DEBUG g.i.j.JetcsServiceHandlerApplication [] - org.springframework.boot.autoconfigure.http.codec.CodecsAutoConfiguration$DefaultCodecsConfiguration
2024-12-19 11:29:27.414 [main] DEBUG g.i.j.JetcsServiceHandlerApplication [] - defaultCodecCustomizer
2024-12-19 11:29:27.415 [main] DEBUG g.i.j.JetcsServiceHandlerApplication [] - org.springframework.boot.autoconfigure.http.codec.CodecsAutoConfiguration$JacksonCodecConfiguration
2024-12-19 11:29:27.417 [main] DEBUG g.i.j.JetcsServiceHandlerApplication [] - jacksonCodecCustomizer
2024-12-19 11:29:27.419 [main] DEBUG g.i.j.JetcsServiceHandlerApplication [] - org.springframework.boot.autoconfigure.http.codec.CodecsAutoConfiguration
2024-12-19 11:29:27.421 [main] DEBUG g.i.j.JetcsServiceHandlerApplication [] - spring.codec-org.springframework.boot.autoconfigure.codec.CodecProperties
2024-12-19 11:29:27.421 [main] DEBUG g.i.j.JetcsServiceHandlerApplication [] - org.springframework.boot.autoconfigure.validation.ValidationAutoConfiguration
2024-12-19 11:29:27.421 [main] DEBUG g.i.j.JetcsServiceHandlerApplication [] - defaultValidator
2024-12-19 11:29:27.421 [main] DEBUG g.i.j.JetcsServiceHandlerApplication [] - methodValidationPostProcessor
2024-12-19 11:29:27.422 [main] DEBUG g.i.j.JetcsServiceHandlerApplication [] - org.springframework.boot.autoconfigure.task.TaskExecutorConfigurations$ThreadPoolTaskExecutorBuilderConfiguration
2024-12-19 11:29:27.422 [main] DEBUG g.i.j.JetcsServiceHandlerApplication [] - threadPoolTaskExecutorBuilder
2024-12-19 11:29:27.422 [main] DEBUG g.i.j.JetcsServiceHandlerApplication [] - org.springframework.boot.autoconfigure.task.TaskExecutorConfigurations$TaskExecutorBuilderConfiguration
2024-12-19 11:29:27.422 [main] DEBUG g.i.j.JetcsServiceHandlerApplication [] - taskExecutorBuilder
2024-12-19 11:29:27.423 [main] DEBUG g.i.j.JetcsServiceHandlerApplication [] - org.springframework.boot.autoconfigure.task.TaskExecutorConfigurations$SimpleAsyncTaskExecutorBuilderConfiguration
2024-12-19 11:29:27.423 [main] DEBUG g.i.j.JetcsServiceHandlerApplication [] - simpleAsyncTaskExecutorBuilder
2024-12-19 11:29:27.423 [main] DEBUG g.i.j.JetcsServiceHandlerApplication [] - org.springframework.boot.autoconfigure.task.TaskExecutorConfigurations$TaskExecutorConfiguration
2024-12-19 11:29:27.423 [main] DEBUG g.i.j.JetcsServiceHandlerApplication [] - applicationTaskExecutor
2024-12-19 11:29:27.423 [main] DEBUG g.i.j.JetcsServiceHandlerApplication [] - org.springframework.boot.autoconfigure.task.TaskExecutionAutoConfiguration
2024-12-19 11:29:27.424 [main] DEBUG g.i.j.JetcsServiceHandlerApplication [] - spring.task.execution-org.springframework.boot.autoconfigure.task.TaskExecutionProperties
2024-12-19 11:29:27.425 [main] DEBUG g.i.j.JetcsServiceHandlerApplication [] - org.springframework.boot.autoconfigure.web.servlet.error.ErrorMvcAutoConfiguration$WhitelabelErrorViewConfiguration
2024-12-19 11:29:27.427 [main] DEBUG g.i.j.JetcsServiceHandlerApplication [] - error
2024-12-19 11:29:27.429 [main] DEBUG g.i.j.JetcsServiceHandlerApplication [] - beanNameViewResolver
2024-12-19 11:29:27.430 [main] DEBUG g.i.j.JetcsServiceHandlerApplication [] - org.springframework.boot.autoconfigure.web.servlet.error.ErrorMvcAutoConfiguration$DefaultErrorViewResolverConfiguration
2024-12-19 11:29:27.431 [main] DEBUG g.i.j.JetcsServiceHandlerApplication [] - conventionErrorViewResolver
2024-12-19 11:29:27.431 [main] DEBUG g.i.j.JetcsServiceHandlerApplication [] - spring.web-org.springframework.boot.autoconfigure.web.WebProperties
2024-12-19 11:29:27.431 [main] DEBUG g.i.j.JetcsServiceHandlerApplication [] - org.springframework.boot.autoconfigure.web.servlet.error.ErrorMvcAutoConfiguration
2024-12-19 11:29:27.431 [main] DEBUG g.i.j.JetcsServiceHandlerApplication [] - errorAttributes
2024-12-19 11:29:27.431 [main] DEBUG g.i.j.JetcsServiceHandlerApplication [] - basicErrorController
2024-12-19 11:29:27.431 [main] DEBUG g.i.j.JetcsServiceHandlerApplication [] - errorPageCustomizer
2024-12-19 11:29:27.431 [main] DEBUG g.i.j.JetcsServiceHandlerApplication [] - preserveErrorControllerTargetClassPostProcessor
2024-12-19 11:29:27.433 [main] DEBUG g.i.j.JetcsServiceHandlerApplication [] - org.springframework.boot.autoconfigure.web.servlet.WebMvcAutoConfiguration$EnableWebMvcConfiguration
2024-12-19 11:29:27.433 [main] DEBUG g.i.j.JetcsServiceHandlerApplication [] - welcomePageHandlerMapping
2024-12-19 11:29:27.433 [main] DEBUG g.i.j.JetcsServiceHandlerApplication [] - welcomePageNotAcceptableHandlerMapping
2024-12-19 11:29:27.434 [main] DEBUG g.i.j.JetcsServiceHandlerApplication [] - localeResolver
2024-12-19 11:29:27.434 [main] DEBUG g.i.j.JetcsServiceHandlerApplication [] - themeResolver
2024-12-19 11:29:27.434 [main] DEBUG g.i.j.JetcsServiceHandlerApplication [] - flashMapManager
2024-12-19 11:29:27.434 [main] DEBUG g.i.j.JetcsServiceHandlerApplication [] - mvcConversionService
2024-12-19 11:29:27.435 [main] DEBUG g.i.j.JetcsServiceHandlerApplication [] - mvcValidator
2024-12-19 11:29:27.435 [main] DEBUG g.i.j.JetcsServiceHandlerApplication [] - mvcContentNegotiationManager
2024-12-19 11:29:27.435 [main] DEBUG g.i.j.JetcsServiceHandlerApplication [] - requestMappingHandlerMapping
2024-12-19 11:29:27.435 [main] DEBUG g.i.j.JetcsServiceHandlerApplication [] - mvcPatternParser
2024-12-19 11:29:27.436 [main] DEBUG g.i.j.JetcsServiceHandlerApplication [] - mvcUrlPathHelper
2024-12-19 11:29:27.436 [main] DEBUG g.i.j.JetcsServiceHandlerApplication [] - mvcPathMatcher
2024-12-19 11:29:27.438 [main] DEBUG g.i.j.JetcsServiceHandlerApplication [] - viewControllerHandlerMapping
2024-12-19 11:29:27.438 [main] DEBUG g.i.j.JetcsServiceHandlerApplication [] - beanNameHandlerMapping
2024-12-19 11:29:27.439 [main] DEBUG g.i.j.JetcsServiceHandlerApplication [] - routerFunctionMapping
2024-12-19 11:29:27.440 [main] DEBUG g.i.j.JetcsServiceHandlerApplication [] - resourceHandlerMapping
2024-12-19 11:29:27.440 [main] DEBUG g.i.j.JetcsServiceHandlerApplication [] - mvcResourceUrlProvider
2024-12-19 11:29:27.441 [main] DEBUG g.i.j.JetcsServiceHandlerApplication [] - defaultServletHandlerMapping
2024-12-19 11:29:27.441 [main] DEBUG g.i.j.JetcsServiceHandlerApplication [] - requestMappingHandlerAdapter
2024-12-19 11:29:27.441 [main] DEBUG g.i.j.JetcsServiceHandlerApplication [] - handlerFunctionAdapter
2024-12-19 11:29:27.441 [main] DEBUG g.i.j.JetcsServiceHandlerApplication [] - mvcUriComponentsContributor
2024-12-19 11:29:27.441 [main] DEBUG g.i.j.JetcsServiceHandlerApplication [] - httpRequestHandlerAdapter
2024-12-19 11:29:27.442 [main] DEBUG g.i.j.JetcsServiceHandlerApplication [] - simpleControllerHandlerAdapter
2024-12-19 11:29:27.442 [main] DEBUG g.i.j.JetcsServiceHandlerApplication [] - handlerExceptionResolver
2024-12-19 11:29:27.442 [main] DEBUG g.i.j.JetcsServiceHandlerApplication [] - mvcViewResolver
2024-12-19 11:29:27.442 [main] DEBUG g.i.j.JetcsServiceHandlerApplication [] - mvcHandlerMappingIntrospector
2024-12-19 11:29:27.444 [main] DEBUG g.i.j.JetcsServiceHandlerApplication [] - viewNameTranslator
2024-12-19 11:29:27.445 [main] DEBUG g.i.j.JetcsServiceHandlerApplication [] - org.springframework.boot.autoconfigure.web.servlet.WebMvcAutoConfiguration$WebMvcAutoConfigurationAdapter
2024-12-19 11:29:27.448 [main] DEBUG g.i.j.JetcsServiceHandlerApplication [] - defaultViewResolver
2024-12-19 11:29:27.448 [main] DEBUG g.i.j.JetcsServiceHandlerApplication [] - viewResolver
2024-12-19 11:29:27.451 [main] DEBUG g.i.j.JetcsServiceHandlerApplication [] - requestContextFilter
2024-12-19 11:29:27.451 [main] DEBUG g.i.j.JetcsServiceHandlerApplication [] - org.springframework.boot.autoconfigure.web.servlet.WebMvcAutoConfiguration
2024-12-19 11:29:27.451 [main] DEBUG g.i.j.JetcsServiceHandlerApplication [] - formContentFilter
2024-12-19 11:29:27.451 [main] DEBUG g.i.j.JetcsServiceHandlerApplication [] - io.github.resilience4j.springboot3.circuitbreaker.autoconfigure.CircuitBreakerAutoConfiguration$CircuitBreakerEndpointAutoConfiguration
2024-12-19 11:29:27.452 [main] DEBUG g.i.j.JetcsServiceHandlerApplication [] - io.github.resilience4j.springboot3.spelresolver.autoconfigure.SpelResolverConfigurationOnMissingBean
2024-12-19 11:29:27.452 [main] DEBUG g.i.j.JetcsServiceHandlerApplication [] - parameterNameDiscoverer
2024-12-19 11:29:27.454 [main] DEBUG g.i.j.JetcsServiceHandlerApplication [] - spelExpressionParser
2024-12-19 11:29:27.455 [main] DEBUG g.i.j.JetcsServiceHandlerApplication [] - spelResolver
2024-12-19 11:29:27.456 [main] DEBUG g.i.j.JetcsServiceHandlerApplication [] - io.github.resilience4j.springboot3.fallback.autoconfigure.FallbackConfigurationOnMissingBean
2024-12-19 11:29:27.456 [main] DEBUG g.i.j.JetcsServiceHandlerApplication [] - fallbackDecorators
2024-12-19 11:29:27.456 [main] DEBUG g.i.j.JetcsServiceHandlerApplication [] - fallbackExecutor
2024-12-19 11:29:27.456 [main] DEBUG g.i.j.JetcsServiceHandlerApplication [] - completionStageFallbackDecorator
2024-12-19 11:29:27.456 [main] DEBUG g.i.j.JetcsServiceHandlerApplication [] - io.github.resilience4j.springboot3.circuitbreaker.autoconfigure.CircuitBreakerConfigurationOnMissingBean
2024-12-19 11:29:27.457 [main] DEBUG g.i.j.JetcsServiceHandlerApplication [] - eventConsumerRegistry
2024-12-19 11:29:27.457 [main] DEBUG g.i.j.JetcsServiceHandlerApplication [] - compositeCircuitBreakerCustomizer
2024-12-19 11:29:27.457 [main] DEBUG g.i.j.JetcsServiceHandlerApplication [] - circuitBreakerRegistry
2024-12-19 11:29:27.458 [main] DEBUG g.i.j.JetcsServiceHandlerApplication [] - circuitBreakerRegistryEventConsumer
2024-12-19 11:29:27.458 [main] DEBUG g.i.j.JetcsServiceHandlerApplication [] - circuitBreakerAspect
2024-12-19 11:29:27.458 [main] DEBUG g.i.j.JetcsServiceHandlerApplication [] - io.github.resilience4j.springboot3.circuitbreaker.autoconfigure.CircuitBreakerAutoConfiguration
2024-12-19 11:29:27.458 [main] DEBUG g.i.j.JetcsServiceHandlerApplication [] - resilience4j.circuitbreaker-io.github.resilience4j.springboot3.circuitbreaker.autoconfigure.CircuitBreakerProperties
2024-12-19 11:29:27.458 [main] DEBUG g.i.j.JetcsServiceHandlerApplication [] - org.springframework.boot.actuate.autoconfigure.metrics.MetricsAutoConfiguration
2024-12-19 11:29:27.459 [main] DEBUG g.i.j.JetcsServiceHandlerApplication [] - micrometerClock
2024-12-19 11:29:27.459 [main] DEBUG g.i.j.JetcsServiceHandlerApplication [] - meterRegistryPostProcessor
2024-12-19 11:29:27.460 [main] DEBUG g.i.j.JetcsServiceHandlerApplication [] - propertiesMeterFilter
2024-12-19 11:29:27.465 [main] DEBUG g.i.j.JetcsServiceHandlerApplication [] - meterRegistryCloser
2024-12-19 11:29:27.465 [main] DEBUG g.i.j.JetcsServiceHandlerApplication [] - management.metrics-org.springframework.boot.actuate.autoconfigure.metrics.MetricsProperties
2024-12-19 11:29:27.466 [main] DEBUG g.i.j.JetcsServiceHandlerApplication [] - org.springframework.boot.actuate.autoconfigure.metrics.export.simple.SimpleMetricsExportAutoConfiguration
2024-12-19 11:29:27.466 [main] DEBUG g.i.j.JetcsServiceHandlerApplication [] - simpleMeterRegistry
2024-12-19 11:29:27.466 [main] DEBUG g.i.j.JetcsServiceHandlerApplication [] - simpleConfig
2024-12-19 11:29:27.468 [main] DEBUG g.i.j.JetcsServiceHandlerApplication [] - management.simple.metrics.export-org.springframework.boot.actuate.autoconfigure.metrics.export.simple.SimpleProperties
2024-12-19 11:29:27.469 [main] DEBUG g.i.j.JetcsServiceHandlerApplication [] - io.github.resilience4j.springboot3.circuitbreaker.autoconfigure.CircuitBreakerMetricsAutoConfiguration
2024-12-19 11:29:27.469 [main] DEBUG g.i.j.JetcsServiceHandlerApplication [] - taggedCircuitBreakerMetricsPublisher
2024-12-19 11:29:27.470 [main] DEBUG g.i.j.JetcsServiceHandlerApplication [] - io.github.resilience4j.springboot3.circuitbreaker.autoconfigure.CircuitBreakersHealthIndicatorAutoConfiguration
2024-12-19 11:29:27.470 [main] DEBUG g.i.j.JetcsServiceHandlerApplication [] - io.github.resilience4j.springboot3.ratelimiter.autoconfigure.RateLimiterAutoConfiguration$RateLimiterEndpointAutoConfiguration
2024-12-19 11:29:27.470 [main] DEBUG g.i.j.JetcsServiceHandlerApplication [] - io.github.resilience4j.springboot3.ratelimiter.autoconfigure.RateLimiterConfigurationOnMissingBean
2024-12-19 11:29:27.470 [main] DEBUG g.i.j.JetcsServiceHandlerApplication [] - rateLimiterEventsConsumerRegistry
2024-12-19 11:29:27.471 [main] DEBUG g.i.j.JetcsServiceHandlerApplication [] - compositeRateLimiterCustomizer
2024-12-19 11:29:27.471 [main] DEBUG g.i.j.JetcsServiceHandlerApplication [] - rateLimiterRegistry
2024-12-19 11:29:27.471 [main] DEBUG g.i.j.JetcsServiceHandlerApplication [] - rateLimiterRegistryEventConsumer
2024-12-19 11:29:27.471 [main] DEBUG g.i.j.JetcsServiceHandlerApplication [] - rateLimiterAspect
2024-12-19 11:29:27.472 [main] DEBUG g.i.j.JetcsServiceHandlerApplication [] - io.github.resilience4j.springboot3.ratelimiter.autoconfigure.RateLimiterAutoConfiguration
2024-12-19 11:29:27.472 [main] DEBUG g.i.j.JetcsServiceHandlerApplication [] - resilience4j.ratelimiter-io.github.resilience4j.springboot3.ratelimiter.autoconfigure.RateLimiterProperties
2024-12-19 11:29:27.473 [main] DEBUG g.i.j.JetcsServiceHandlerApplication [] - io.github.resilience4j.springboot3.ratelimiter.autoconfigure.RateLimiterMetricsAutoConfiguration
2024-12-19 11:29:27.473 [main] DEBUG g.i.j.JetcsServiceHandlerApplication [] - taggedRateLimiterMetricsPublisher
2024-12-19 11:29:27.473 [main] DEBUG g.i.j.JetcsServiceHandlerApplication [] - io.github.resilience4j.springboot3.ratelimiter.autoconfigure.RateLimitersHealthIndicatorAutoConfiguration
2024-12-19 11:29:27.473 [main] DEBUG g.i.j.JetcsServiceHandlerApplication [] - io.github.resilience4j.springboot3.retry.autoconfigure.RetryAutoConfiguration$RetryAutoEndpointConfiguration
2024-12-19 11:29:27.473 [main] DEBUG g.i.j.JetcsServiceHandlerApplication [] - io.github.resilience4j.springboot3.retry.autoconfigure.RetryConfigurationOnMissingBean
2024-12-19 11:29:27.474 [main] DEBUG g.i.j.JetcsServiceHandlerApplication [] - retryEventConsumerRegistry
2024-12-19 11:29:27.474 [main] DEBUG g.i.j.JetcsServiceHandlerApplication [] - compositeRetryCustomizer
2024-12-19 11:29:27.474 [main] DEBUG g.i.j.JetcsServiceHandlerApplication [] - retryRegistry
2024-12-19 11:29:27.474 [main] DEBUG g.i.j.JetcsServiceHandlerApplication [] - retryRegistryEventConsumer
2024-12-19 11:29:27.475 [main] DEBUG g.i.j.JetcsServiceHandlerApplication [] - retryAspect
2024-12-19 11:29:27.476 [main] DEBUG g.i.j.JetcsServiceHandlerApplication [] - io.github.resilience4j.springboot3.retry.autoconfigure.RetryAutoConfiguration
2024-12-19 11:29:27.477 [main] DEBUG g.i.j.JetcsServiceHandlerApplication [] - resilience4j.retry-io.github.resilience4j.springboot3.retry.autoconfigure.RetryProperties
2024-12-19 11:29:27.478 [main] DEBUG g.i.j.JetcsServiceHandlerApplication [] - io.github.resilience4j.springboot3.retry.autoconfigure.RetryMetricsAutoConfiguration
2024-12-19 11:29:27.478 [main] DEBUG g.i.j.JetcsServiceHandlerApplication [] - taggedRetryMetricsPublisher
2024-12-19 11:29:27.478 [main] DEBUG g.i.j.JetcsServiceHandlerApplication [] - io.github.resilience4j.springboot3.timelimiter.autoconfigure.TimeLimiterAutoConfiguration$TimeLimiterAutoEndpointConfiguration
2024-12-19 11:29:27.478 [main] DEBUG g.i.j.JetcsServiceHandlerApplication [] - io.github.resilience4j.springboot3.timelimiter.autoconfigure.TimeLimiterConfigurationOnMissingBean
2024-12-19 11:29:27.479 [main] DEBUG g.i.j.JetcsServiceHandlerApplication [] - timeLimiterEventsConsumerRegistry
2024-12-19 11:29:27.479 [main] DEBUG g.i.j.JetcsServiceHandlerApplication [] - compositeTimeLimiterCustomizer
2024-12-19 11:29:27.479 [main] DEBUG g.i.j.JetcsServiceHandlerApplication [] - timeLimiterRegistry
2024-12-19 11:29:27.479 [main] DEBUG g.i.j.JetcsServiceHandlerApplication [] - timeLimiterRegistryEventConsumer
2024-12-19 11:29:27.480 [main] DEBUG g.i.j.JetcsServiceHandlerApplication [] - timeLimiterAspect
2024-12-19 11:29:27.480 [main] DEBUG g.i.j.JetcsServiceHandlerApplication [] - io.github.resilience4j.springboot3.timelimiter.autoconfigure.TimeLimiterAutoConfiguration
2024-12-19 11:29:27.480 [main] DEBUG g.i.j.JetcsServiceHandlerApplication [] - resilience4j.timelimiter-io.github.resilience4j.springboot3.timelimiter.autoconfigure.TimeLimiterProperties
2024-12-19 11:29:27.480 [main] DEBUG g.i.j.JetcsServiceHandlerApplication [] - io.github.resilience4j.springboot3.timelimiter.autoconfigure.TimeLimiterMetricsAutoConfiguration
2024-12-19 11:29:27.481 [main] DEBUG g.i.j.JetcsServiceHandlerApplication [] - taggedTimeLimiterMetricsPublisher
2024-12-19 11:29:27.481 [main] DEBUG g.i.j.JetcsServiceHandlerApplication [] - org.springdoc.core.configuration.SpringDocConfiguration$OpenApiResourceAdvice
2024-12-19 11:29:27.481 [main] DEBUG g.i.j.JetcsServiceHandlerApplication [] - org.springdoc.core.configuration.SpringDocConfiguration$SpringDocWebFluxSupportConfiguration
2024-12-19 11:29:27.481 [main] DEBUG g.i.j.JetcsServiceHandlerApplication [] - webFluxSupportConverter
2024-12-19 11:29:27.482 [main] DEBUG g.i.j.JetcsServiceHandlerApplication [] - org.springdoc.core.configuration.SpringDocConfiguration$SpringDocSpringDataWebPropertiesProvider
2024-12-19 11:29:27.482 [main] DEBUG g.i.j.JetcsServiceHandlerApplication [] - springDataWebPropertiesProvider
2024-12-19 11:29:27.482 [main] DEBUG g.i.j.JetcsServiceHandlerApplication [] - org.springdoc.core.configuration.SpringDocConfiguration$WebConversionServiceConfiguration
2024-12-19 11:29:27.482 [main] DEBUG g.i.j.JetcsServiceHandlerApplication [] - webConversionServiceProvider
2024-12-19 11:29:27.482 [main] DEBUG g.i.j.JetcsServiceHandlerApplication [] - org.springdoc.core.configuration.SpringDocConfiguration
2024-12-19 11:29:27.482 [main] DEBUG g.i.j.JetcsServiceHandlerApplication [] - localSpringDocParameterNameDiscoverer
2024-12-19 11:29:27.483 [main] DEBUG g.i.j.JetcsServiceHandlerApplication [] - additionalModelsConverter
2024-12-19 11:29:27.484 [main] DEBUG g.i.j.JetcsServiceHandlerApplication [] - fileSupportConverter
2024-12-19 11:29:27.484 [main] DEBUG g.i.j.JetcsServiceHandlerApplication [] - responseSupportConverter
2024-12-19 11:29:27.484 [main] DEBUG g.i.j.JetcsServiceHandlerApplication [] - schemaPropertyDeprecatingConverter
2024-12-19 11:29:27.484 [main] DEBUG g.i.j.JetcsServiceHandlerApplication [] - polymorphicModelConverter
2024-12-19 11:29:27.485 [main] DEBUG g.i.j.JetcsServiceHandlerApplication [] - openAPIBuilder
2024-12-19 11:29:27.485 [main] DEBUG g.i.j.JetcsServiceHandlerApplication [] - modelConverterRegistrar
2024-12-19 11:29:27.485 [main] DEBUG g.i.j.JetcsServiceHandlerApplication [] - operationBuilder
2024-12-19 11:29:27.485 [main] DEBUG g.i.j.JetcsServiceHandlerApplication [] - propertyResolverUtils
2024-12-19 11:29:27.485 [main] DEBUG g.i.j.JetcsServiceHandlerApplication [] - requestBodyBuilder
2024-12-19 11:29:27.486 [main] DEBUG g.i.j.JetcsServiceHandlerApplication [] - securityParser
2024-12-19 11:29:27.487 [main] DEBUG g.i.j.JetcsServiceHandlerApplication [] - genericReturnTypeParser
2024-12-19 11:29:27.487 [main] DEBUG g.i.j.JetcsServiceHandlerApplication [] - parameterBuilder
2024-12-19 11:29:27.487 [main] DEBUG g.i.j.JetcsServiceHandlerApplication [] - springDocProviders
2024-12-19 11:29:27.488 [main] DEBUG g.i.j.JetcsServiceHandlerApplication [] - springdocObjectMapperProvider
2024-12-19 11:29:27.488 [main] DEBUG g.i.j.JetcsServiceHandlerApplication [] - springDocCustomizers
2024-12-19 11:29:27.488 [main] DEBUG g.i.j.JetcsServiceHandlerApplication [] - org.springdoc.core.configuration.SpringDocUIConfiguration
2024-12-19 11:29:27.489 [main] DEBUG g.i.j.JetcsServiceHandlerApplication [] - org.springdoc.core.properties.SpringDocConfigProperties
2024-12-19 11:29:27.489 [main] DEBUG g.i.j.JetcsServiceHandlerApplication [] - org.springdoc.core.properties.SwaggerUiConfigParameters
2024-12-19 11:29:27.489 [main] DEBUG g.i.j.JetcsServiceHandlerApplication [] - org.springdoc.core.properties.SwaggerUiConfigProperties
2024-12-19 11:29:27.490 [main] DEBUG g.i.j.JetcsServiceHandlerApplication [] - org.springdoc.core.properties.SwaggerUiOAuthProperties
2024-12-19 11:29:27.490 [main] DEBUG g.i.j.JetcsServiceHandlerApplication [] - org.springdoc.webmvc.core.configuration.SpringDocWebMvcConfiguration$SpringDocWebMvcActuatorConfiguration
2024-12-19 11:29:27.490 [main] DEBUG g.i.j.JetcsServiceHandlerApplication [] - org.springdoc.webmvc.core.configuration.SpringDocWebMvcConfiguration$SpringDocWebMvcRouterConfiguration
2024-12-19 11:29:27.490 [main] DEBUG g.i.j.JetcsServiceHandlerApplication [] - routerFunctionProvider
2024-12-19 11:29:27.490 [main] DEBUG g.i.j.JetcsServiceHandlerApplication [] - org.springdoc.webmvc.core.configuration.SpringDocWebMvcConfiguration
2024-12-19 11:29:27.491 [main] DEBUG g.i.j.JetcsServiceHandlerApplication [] - openApiResource
2024-12-19 11:29:27.491 [main] DEBUG g.i.j.JetcsServiceHandlerApplication [] - requestBuilder
2024-12-19 11:29:27.492 [main] DEBUG g.i.j.JetcsServiceHandlerApplication [] - springWebProvider
2024-12-19 11:29:27.497 [main] DEBUG g.i.j.JetcsServiceHandlerApplication [] - responseBuilder
2024-12-19 11:29:27.497 [main] DEBUG g.i.j.JetcsServiceHandlerApplication [] - org.springdoc.webmvc.ui.SwaggerConfig
2024-12-19 11:29:27.497 [main] DEBUG g.i.j.JetcsServiceHandlerApplication [] - swaggerWelcome
2024-12-19 11:29:27.498 [main] DEBUG g.i.j.JetcsServiceHandlerApplication [] - swaggerConfigResource
2024-12-19 11:29:27.501 [main] DEBUG g.i.j.JetcsServiceHandlerApplication [] - indexPageTransformer
2024-12-19 11:29:27.501 [main] DEBUG g.i.j.JetcsServiceHandlerApplication [] - swaggerWebMvcConfigurer
2024-12-19 11:29:27.502 [main] DEBUG g.i.j.JetcsServiceHandlerApplication [] - swaggerResourceResolver
2024-12-19 11:29:27.502 [main] DEBUG g.i.j.JetcsServiceHandlerApplication [] - org.springframework.boot.autoconfigure.availability.ApplicationAvailabilityAutoConfiguration
2024-12-19 11:29:27.502 [main] DEBUG g.i.j.JetcsServiceHandlerApplication [] - applicationAvailability
2024-12-19 11:29:27.502 [main] DEBUG g.i.j.JetcsServiceHandlerApplication [] - org.springframework.boot.actuate.autoconfigure.availability.AvailabilityHealthContributorAutoConfiguration
2024-12-19 11:29:27.503 [main] DEBUG g.i.j.JetcsServiceHandlerApplication [] - org.springframework.cloud.autoconfigure.RefreshAutoConfiguration$RefreshScopeBeanDefinitionEnhancer
2024-12-19 11:29:27.503 [main] DEBUG g.i.j.JetcsServiceHandlerApplication [] - org.springframework.cloud.autoconfigure.RefreshAutoConfiguration
2024-12-19 11:29:27.503 [main] DEBUG g.i.j.JetcsServiceHandlerApplication [] - refreshScope
2024-12-19 11:29:27.503 [main] DEBUG g.i.j.JetcsServiceHandlerApplication [] - loggingRebinder
2024-12-19 11:29:27.504 [main] DEBUG g.i.j.JetcsServiceHandlerApplication [] - configDataContextRefresher
2024-12-19 11:29:27.504 [main] DEBUG g.i.j.JetcsServiceHandlerApplication [] - refreshEventListener
2024-12-19 11:29:27.504 [main] DEBUG g.i.j.JetcsServiceHandlerApplication [] - spring.cloud.refresh-org.springframework.cloud.autoconfigure.RefreshAutoConfiguration$RefreshProperties
2024-12-19 11:29:27.504 [main] DEBUG g.i.j.JetcsServiceHandlerApplication [] - org.springframework.boot.actuate.autoconfigure.health.HealthEndpointConfiguration
2024-12-19 11:29:27.504 [main] DEBUG g.i.j.JetcsServiceHandlerApplication [] - healthStatusAggregator
2024-12-19 11:29:27.504 [main] DEBUG g.i.j.JetcsServiceHandlerApplication [] - healthHttpCodeStatusMapper
2024-12-19 11:29:27.505 [main] DEBUG g.i.j.JetcsServiceHandlerApplication [] - healthEndpointGroups
2024-12-19 11:29:27.505 [main] DEBUG g.i.j.JetcsServiceHandlerApplication [] - healthContributorRegistry
2024-12-19 11:29:27.505 [main] DEBUG g.i.j.JetcsServiceHandlerApplication [] - healthEndpointGroupMembershipValidator
2024-12-19 11:29:27.505 [main] DEBUG g.i.j.JetcsServiceHandlerApplication [] - healthEndpoint
2024-12-19 11:29:27.505 [main] DEBUG g.i.j.JetcsServiceHandlerApplication [] - healthEndpointGroupsBeanPostProcessor
2024-12-19 11:29:27.507 [main] DEBUG g.i.j.JetcsServiceHandlerApplication [] - org.springframework.boot.actuate.autoconfigure.health.ReactiveHealthEndpointConfiguration
2024-12-19 11:29:27.507 [main] DEBUG g.i.j.JetcsServiceHandlerApplication [] - reactiveHealthContributorRegistry
2024-12-19 11:29:27.507 [main] DEBUG g.i.j.JetcsServiceHandlerApplication [] - org.springframework.boot.actuate.autoconfigure.health.HealthEndpointWebExtensionConfiguration$MvcAdditionalHealthEndpointPathsConfiguration
2024-12-19 11:29:27.507 [main] DEBUG g.i.j.JetcsServiceHandlerApplication [] - healthEndpointWebMvcHandlerMapping
2024-12-19 11:29:27.507 [main] DEBUG g.i.j.JetcsServiceHandlerApplication [] - org.springframework.boot.actuate.autoconfigure.health.HealthEndpointWebExtensionConfiguration
2024-12-19 11:29:27.508 [main] DEBUG g.i.j.JetcsServiceHandlerApplication [] - healthEndpointWebExtension
2024-12-19 11:29:27.508 [main] DEBUG g.i.j.JetcsServiceHandlerApplication [] - org.springframework.boot.actuate.autoconfigure.health.HealthEndpointAutoConfiguration
2024-12-19 11:29:27.510 [main] DEBUG g.i.j.JetcsServiceHandlerApplication [] - management.endpoint.health-org.springframework.boot.actuate.autoconfigure.health.HealthEndpointProperties
2024-12-19 11:29:27.511 [main] DEBUG g.i.j.JetcsServiceHandlerApplication [] - org.springframework.boot.autoconfigure.info.ProjectInfoAutoConfiguration
2024-12-19 11:29:27.511 [main] DEBUG g.i.j.JetcsServiceHandlerApplication [] - spring.info-org.springframework.boot.autoconfigure.info.ProjectInfoProperties
2024-12-19 11:29:27.511 [main] DEBUG g.i.j.JetcsServiceHandlerApplication [] - org.springframework.boot.actuate.autoconfigure.info.InfoContributorAutoConfiguration
2024-12-19 11:29:27.512 [main] DEBUG g.i.j.JetcsServiceHandlerApplication [] - management.info-org.springframework.boot.actuate.autoconfigure.info.InfoContributorProperties
2024-12-19 11:29:27.513 [main] DEBUG g.i.j.JetcsServiceHandlerApplication [] - org.springframework.boot.actuate.autoconfigure.web.servlet.ServletManagementContextAutoConfiguration
2024-12-19 11:29:27.513 [main] DEBUG g.i.j.JetcsServiceHandlerApplication [] - servletWebChildContextFactory
2024-12-19 11:29:27.513 [main] DEBUG g.i.j.JetcsServiceHandlerApplication [] - managementServletContext
2024-12-19 11:29:27.513 [main] DEBUG g.i.j.JetcsServiceHandlerApplication [] - org.springframework.boot.actuate.autoconfigure.endpoint.EndpointAutoConfiguration
2024-12-19 11:29:27.514 [main] DEBUG g.i.j.JetcsServiceHandlerApplication [] - endpointOperationParameterMapper
2024-12-19 11:29:27.514 [main] DEBUG g.i.j.JetcsServiceHandlerApplication [] - endpointCachingOperationInvokerAdvisor
2024-12-19 11:29:27.516 [main] DEBUG g.i.j.JetcsServiceHandlerApplication [] - org.springframework.boot.actuate.autoconfigure.endpoint.jackson.JacksonEndpointAutoConfiguration
2024-12-19 11:29:27.516 [main] DEBUG g.i.j.JetcsServiceHandlerApplication [] - endpointObjectMapper
2024-12-19 11:29:27.516 [main] DEBUG g.i.j.JetcsServiceHandlerApplication [] - org.springframework.boot.actuate.autoconfigure.endpoint.web.WebEndpointAutoConfiguration$WebEndpointServletConfiguration
2024-12-19 11:29:27.517 [main] DEBUG g.i.j.JetcsServiceHandlerApplication [] - servletEndpointDiscoverer
2024-12-19 11:29:27.517 [main] DEBUG g.i.j.JetcsServiceHandlerApplication [] - org.springframework.boot.actuate.autoconfigure.endpoint.web.WebEndpointAutoConfiguration
2024-12-19 11:29:27.517 [main] DEBUG g.i.j.JetcsServiceHandlerApplication [] - webEndpointPathMapper
2024-12-19 11:29:27.517 [main] DEBUG g.i.j.JetcsServiceHandlerApplication [] - endpointMediaTypes
2024-12-19 11:29:27.518 [main] DEBUG g.i.j.JetcsServiceHandlerApplication [] - webEndpointDiscoverer
2024-12-19 11:29:27.518 [main] DEBUG g.i.j.JetcsServiceHandlerApplication [] - controllerEndpointDiscoverer
2024-12-19 11:29:27.518 [main] DEBUG g.i.j.JetcsServiceHandlerApplication [] - pathMappedEndpoints
2024-12-19 11:29:27.518 [main] DEBUG g.i.j.JetcsServiceHandlerApplication [] - webExposeExcludePropertyEndpointFilter
2024-12-19 11:29:27.519 [main] DEBUG g.i.j.JetcsServiceHandlerApplication [] - controllerExposeExcludePropertyEndpointFilter
2024-12-19 11:29:27.519 [main] DEBUG g.i.j.JetcsServiceHandlerApplication [] - management.endpoints.web-org.springframework.boot.actuate.autoconfigure.endpoint.web.WebEndpointProperties
2024-12-19 11:29:27.519 [main] DEBUG g.i.j.JetcsServiceHandlerApplication [] - org.springframework.cloud.autoconfigure.LifecycleMvcEndpointAutoConfiguration
2024-12-19 11:29:27.519 [main] DEBUG g.i.j.JetcsServiceHandlerApplication [] - environmentManager
2024-12-19 11:29:27.519 [main] DEBUG g.i.j.JetcsServiceHandlerApplication [] - org.springframework.boot.actuate.autoconfigure.system.DiskSpaceHealthContributorAutoConfiguration
2024-12-19 11:29:27.520 [main] DEBUG g.i.j.JetcsServiceHandlerApplication [] - diskSpaceHealthIndicator
2024-12-19 11:29:27.520 [main] DEBUG g.i.j.JetcsServiceHandlerApplication [] - management.health.diskspace-org.springframework.boot.actuate.autoconfigure.system.DiskSpaceHealthIndicatorProperties
2024-12-19 11:29:27.520 [main] DEBUG g.i.j.JetcsServiceHandlerApplication [] - org.springframework.boot.actuate.autoconfigure.health.HealthContributorAutoConfiguration
2024-12-19 11:29:27.520 [main] DEBUG g.i.j.JetcsServiceHandlerApplication [] - pingHealthContributor
2024-12-19 11:29:27.520 [main] DEBUG g.i.j.JetcsServiceHandlerApplication [] - org.springframework.boot.actuate.autoconfigure.metrics.CompositeMeterRegistryAutoConfiguration
2024-12-19 11:29:27.521 [main] DEBUG g.i.j.JetcsServiceHandlerApplication [] - org.springframework.boot.actuate.autoconfigure.metrics.JvmMetricsAutoConfiguration
2024-12-19 11:29:27.521 [main] DEBUG g.i.j.JetcsServiceHandlerApplication [] - jvmGcMetrics
2024-12-19 11:29:27.521 [main] DEBUG g.i.j.JetcsServiceHandlerApplication [] - jvmHeapPressureMetrics
2024-12-19 11:29:27.522 [main] DEBUG g.i.j.JetcsServiceHandlerApplication [] - jvmMemoryMetrics
2024-12-19 11:29:27.522 [main] DEBUG g.i.j.JetcsServiceHandlerApplication [] - jvmThreadMetrics
2024-12-19 11:29:27.522 [main] DEBUG g.i.j.JetcsServiceHandlerApplication [] - classLoaderMetrics
2024-12-19 11:29:27.522 [main] DEBUG g.i.j.JetcsServiceHandlerApplication [] - jvmInfoMetrics
2024-12-19 11:29:27.522 [main] DEBUG g.i.j.JetcsServiceHandlerApplication [] - jvmCompilationMetrics
2024-12-19 11:29:27.523 [main] DEBUG g.i.j.JetcsServiceHandlerApplication [] - org.springframework.boot.actuate.autoconfigure.metrics.LogbackMetricsAutoConfiguration
2024-12-19 11:29:27.523 [main] DEBUG g.i.j.JetcsServiceHandlerApplication [] - logbackMetrics
2024-12-19 11:29:27.523 [main] DEBUG g.i.j.JetcsServiceHandlerApplication [] - org.springframework.boot.actuate.autoconfigure.metrics.SystemMetricsAutoConfiguration
2024-12-19 11:29:27.523 [main] DEBUG g.i.j.JetcsServiceHandlerApplication [] - uptimeMetrics
2024-12-19 11:29:27.524 [main] DEBUG g.i.j.JetcsServiceHandlerApplication [] - processorMetrics
2024-12-19 11:29:27.524 [main] DEBUG g.i.j.JetcsServiceHandlerApplication [] - fileDescriptorMetrics
2024-12-19 11:29:27.524 [main] DEBUG g.i.j.JetcsServiceHandlerApplication [] - diskSpaceMetrics
2024-12-19 11:29:27.524 [main] DEBUG g.i.j.JetcsServiceHandlerApplication [] - org.springframework.boot.actuate.autoconfigure.metrics.integration.IntegrationMetricsAutoConfiguration
2024-12-19 11:29:27.524 [main] DEBUG g.i.j.JetcsServiceHandlerApplication [] - org.springframework.boot.actuate.autoconfigure.metrics.startup.StartupTimeMetricsListenerAutoConfiguration
2024-12-19 11:29:27.525 [main] DEBUG g.i.j.JetcsServiceHandlerApplication [] - startupTimeMetrics
2024-12-19 11:29:27.525 [main] DEBUG g.i.j.JetcsServiceHandlerApplication [] - org.springframework.boot.autoconfigure.task.TaskSchedulingConfigurations$ThreadPoolTaskSchedulerBuilderConfiguration
2024-12-19 11:29:27.525 [main] DEBUG g.i.j.JetcsServiceHandlerApplication [] - threadPoolTaskSchedulerBuilder
2024-12-19 11:29:27.525 [main] DEBUG g.i.j.JetcsServiceHandlerApplication [] - org.springframework.boot.autoconfigure.task.TaskSchedulingConfigurations$TaskSchedulerBuilderConfiguration
2024-12-19 11:29:27.526 [main] DEBUG g.i.j.JetcsServiceHandlerApplication [] - taskSchedulerBuilder
2024-12-19 11:29:27.526 [main] DEBUG g.i.j.JetcsServiceHandlerApplication [] - org.springframework.boot.autoconfigure.task.TaskSchedulingConfigurations$SimpleAsyncTaskSchedulerBuilderConfiguration
2024-12-19 11:29:27.526 [main] DEBUG g.i.j.JetcsServiceHandlerApplication [] - simpleAsyncTaskSchedulerBuilder
2024-12-19 11:29:27.526 [main] DEBUG g.i.j.JetcsServiceHandlerApplication [] - org.springframework.boot.autoconfigure.task.TaskSchedulingAutoConfiguration
2024-12-19 11:29:27.527 [main] DEBUG g.i.j.JetcsServiceHandlerApplication [] - spring.task.scheduling-org.springframework.boot.autoconfigure.task.TaskSchedulingProperties
2024-12-19 11:29:27.527 [main] DEBUG g.i.j.JetcsServiceHandlerApplication [] - org.springframework.boot.actuate.autoconfigure.metrics.task.TaskExecutorMetricsAutoConfiguration
2024-12-19 11:29:27.527 [main] DEBUG g.i.j.JetcsServiceHandlerApplication [] - eagerTaskExecutorMetrics
2024-12-19 11:29:27.527 [main] DEBUG g.i.j.JetcsServiceHandlerApplication [] - org.springframework.boot.actuate.autoconfigure.metrics.web.tomcat.TomcatMetricsAutoConfiguration
2024-12-19 11:29:27.528 [main] DEBUG g.i.j.JetcsServiceHandlerApplication [] - tomcatMetricsBinder
2024-12-19 11:29:27.528 [main] DEBUG g.i.j.JetcsServiceHandlerApplication [] - org.springframework.boot.actuate.autoconfigure.observation.ObservationAutoConfiguration$ObservedAspectConfiguration
2024-12-19 11:29:27.528 [main] DEBUG g.i.j.JetcsServiceHandlerApplication [] - observedAspect
2024-12-19 11:29:27.528 [main] DEBUG g.i.j.JetcsServiceHandlerApplication [] - org.springframework.boot.actuate.autoconfigure.observation.ObservationAutoConfiguration$MeterObservationHandlerConfiguration$OnlyMetricsMeterObservationHandlerConfiguration
2024-12-19 11:29:27.528 [main] DEBUG g.i.j.JetcsServiceHandlerApplication [] - defaultMeterObservationHandler
2024-12-19 11:29:27.530 [main] DEBUG g.i.j.JetcsServiceHandlerApplication [] - org.springframework.boot.actuate.autoconfigure.observation.ObservationAutoConfiguration$MeterObservationHandlerConfiguration
2024-12-19 11:29:27.530 [main] DEBUG g.i.j.JetcsServiceHandlerApplication [] - org.springframework.boot.actuate.autoconfigure.observation.ObservationAutoConfiguration$OnlyMetricsConfiguration
2024-12-19 11:29:27.530 [main] DEBUG g.i.j.JetcsServiceHandlerApplication [] - metricsObservationHandlerGrouping
2024-12-19 11:29:27.530 [main] DEBUG g.i.j.JetcsServiceHandlerApplication [] - org.springframework.boot.actuate.autoconfigure.observation.ObservationAutoConfiguration
2024-12-19 11:29:27.531 [main] DEBUG g.i.j.JetcsServiceHandlerApplication [] - observationRegistryPostProcessor
2024-12-19 11:29:27.531 [main] DEBUG g.i.j.JetcsServiceHandlerApplication [] - observationRegistry
2024-12-19 11:29:27.531 [main] DEBUG g.i.j.JetcsServiceHandlerApplication [] - propertiesObservationFilter
2024-12-19 11:29:27.531 [main] DEBUG g.i.j.JetcsServiceHandlerApplication [] - management.observations-org.springframework.boot.actuate.autoconfigure.observation.ObservationProperties
2024-12-19 11:29:27.532 [main] DEBUG g.i.j.JetcsServiceHandlerApplication [] - org.springframework.boot.autoconfigure.http.HttpMessageConvertersAutoConfiguration$StringHttpMessageConverterConfiguration
2024-12-19 11:29:27.532 [main] DEBUG g.i.j.JetcsServiceHandlerApplication [] - stringHttpMessageConverter
2024-12-19 11:29:27.532 [main] DEBUG g.i.j.JetcsServiceHandlerApplication [] - org.springframework.boot.autoconfigure.http.JacksonHttpMessageConvertersConfiguration$MappingJackson2HttpMessageConverterConfiguration
2024-12-19 11:29:27.532 [main] DEBUG g.i.j.JetcsServiceHandlerApplication [] - mappingJackson2HttpMessageConverter
2024-12-19 11:29:27.533 [main] DEBUG g.i.j.JetcsServiceHandlerApplication [] - org.springframework.boot.autoconfigure.http.JacksonHttpMessageConvertersConfiguration
2024-12-19 11:29:27.533 [main] DEBUG g.i.j.JetcsServiceHandlerApplication [] - org.springframework.boot.autoconfigure.http.HttpMessageConvertersAutoConfiguration
2024-12-19 11:29:27.533 [main] DEBUG g.i.j.JetcsServiceHandlerApplication [] - messageConverters
2024-12-19 11:29:27.534 [main] DEBUG g.i.j.JetcsServiceHandlerApplication [] - org.springframework.boot.autoconfigure.web.client.RestClientAutoConfiguration
2024-12-19 11:29:27.534 [main] DEBUG g.i.j.JetcsServiceHandlerApplication [] - httpMessageConvertersRestClientCustomizer
2024-12-19 11:29:27.534 [main] DEBUG g.i.j.JetcsServiceHandlerApplication [] - restClientSsl
2024-12-19 11:29:27.535 [main] DEBUG g.i.j.JetcsServiceHandlerApplication [] - restClientBuilderConfigurer
2024-12-19 11:29:27.535 [main] DEBUG g.i.j.JetcsServiceHandlerApplication [] - restClientBuilder
2024-12-19 11:29:27.535 [main] DEBUG g.i.j.JetcsServiceHandlerApplication [] - org.springframework.boot.autoconfigure.web.client.RestTemplateAutoConfiguration
2024-12-19 11:29:27.535 [main] DEBUG g.i.j.JetcsServiceHandlerApplication [] - restTemplateBuilderConfigurer
2024-12-19 11:29:27.536 [main] DEBUG g.i.j.JetcsServiceHandlerApplication [] - restTemplateBuilder
2024-12-19 11:29:27.536 [main] DEBUG g.i.j.JetcsServiceHandlerApplication [] - org.springframework.boot.autoconfigure.reactor.netty.ReactorNettyConfigurations$ReactorResourceFactoryConfiguration
2024-12-19 11:29:27.536 [main] DEBUG g.i.j.JetcsServiceHandlerApplication [] - reactorResourceFactory
2024-12-19 11:29:27.536 [main] DEBUG g.i.j.JetcsServiceHandlerApplication [] - spring.reactor.netty-org.springframework.boot.autoconfigure.reactor.netty.ReactorNettyProperties
2024-12-19 11:29:27.537 [main] DEBUG g.i.j.JetcsServiceHandlerApplication [] - org.springframework.boot.autoconfigure.web.reactive.function.client.ClientHttpConnectorFactoryConfiguration$ReactorNetty
2024-12-19 11:29:27.537 [main] DEBUG g.i.j.JetcsServiceHandlerApplication [] - reactorClientHttpConnectorFactory
2024-12-19 11:29:27.537 [main] DEBUG g.i.j.JetcsServiceHandlerApplication [] - org.springframework.boot.autoconfigure.web.reactive.function.client.ClientHttpConnectorAutoConfiguration
2024-12-19 11:29:27.537 [main] DEBUG g.i.j.JetcsServiceHandlerApplication [] - webClientHttpConnector
2024-12-19 11:29:27.538 [main] DEBUG g.i.j.JetcsServiceHandlerApplication [] - webClientHttpConnectorCustomizer
2024-12-19 11:29:27.538 [main] DEBUG g.i.j.JetcsServiceHandlerApplication [] - org.springframework.boot.autoconfigure.web.reactive.function.client.WebClientAutoConfiguration$WebClientCodecsConfiguration
2024-12-19 11:29:27.538 [main] DEBUG g.i.j.JetcsServiceHandlerApplication [] - exchangeStrategiesCustomizer
2024-12-19 11:29:27.538 [main] DEBUG g.i.j.JetcsServiceHandlerApplication [] - org.springframework.boot.autoconfigure.web.reactive.function.client.WebClientAutoConfiguration
2024-12-19 11:29:27.539 [main] DEBUG g.i.j.JetcsServiceHandlerApplication [] - webClientBuilder
2024-12-19 11:29:27.539 [main] DEBUG g.i.j.JetcsServiceHandlerApplication [] - webClientSsl
2024-12-19 11:29:27.539 [main] DEBUG g.i.j.JetcsServiceHandlerApplication [] - org.springframework.boot.actuate.autoconfigure.observation.web.client.HttpClientObservationsAutoConfiguration$MeterFilterConfiguration
2024-12-19 11:29:27.539 [main] DEBUG g.i.j.JetcsServiceHandlerApplication [] - metricsHttpClientUriTagFilter
2024-12-19 11:29:27.539 [main] DEBUG g.i.j.JetcsServiceHandlerApplication [] - org.springframework.boot.actuate.autoconfigure.observation.web.client.RestTemplateObservationConfiguration
2024-12-19 11:29:27.539 [main] DEBUG g.i.j.JetcsServiceHandlerApplication [] - observationRestTemplateCustomizer
2024-12-19 11:29:27.539 [main] DEBUG g.i.j.JetcsServiceHandlerApplication [] - org.springframework.boot.actuate.autoconfigure.observation.web.client.WebClientObservationConfiguration
2024-12-19 11:29:27.541 [main] DEBUG g.i.j.JetcsServiceHandlerApplication [] - observationWebClientCustomizer
2024-12-19 11:29:27.541 [main] DEBUG g.i.j.JetcsServiceHandlerApplication [] - org.springframework.boot.actuate.autoconfigure.observation.web.client.RestClientObservationConfiguration
2024-12-19 11:29:27.541 [main] DEBUG g.i.j.JetcsServiceHandlerApplication [] - observationRestClientCustomizer
2024-12-19 11:29:27.541 [main] DEBUG g.i.j.JetcsServiceHandlerApplication [] - org.springframework.boot.actuate.autoconfigure.observation.web.client.HttpClientObservationsAutoConfiguration
2024-12-19 11:29:27.541 [main] DEBUG g.i.j.JetcsServiceHandlerApplication [] - org.springframework.boot.actuate.autoconfigure.observation.web.servlet.WebMvcObservationAutoConfiguration$MeterFilterConfiguration
2024-12-19 11:29:27.541 [main] DEBUG g.i.j.JetcsServiceHandlerApplication [] - metricsHttpServerUriTagFilter
2024-12-19 11:29:27.541 [main] DEBUG g.i.j.JetcsServiceHandlerApplication [] - org.springframework.boot.actuate.autoconfigure.observation.web.servlet.WebMvcObservationAutoConfiguration
2024-12-19 11:29:27.542 [main] DEBUG g.i.j.JetcsServiceHandlerApplication [] - webMvcObservationFilter
2024-12-19 11:29:27.542 [main] DEBUG g.i.j.JetcsServiceHandlerApplication [] - org.springframework.boot.actuate.autoconfigure.scheduling.ScheduledTasksObservabilityAutoConfiguration
2024-12-19 11:29:27.542 [main] DEBUG g.i.j.JetcsServiceHandlerApplication [] - observabilitySchedulingConfigurer
2024-12-19 11:29:27.542 [main] DEBUG g.i.j.JetcsServiceHandlerApplication [] - org.springframework.boot.autoconfigure.aop.AopAutoConfiguration$AspectJAutoProxyingConfiguration$CglibAutoProxyConfiguration
2024-12-19 11:29:27.542 [main] DEBUG g.i.j.JetcsServiceHandlerApplication [] - org.springframework.aop.config.internalAutoProxyCreator
2024-12-19 11:29:27.543 [main] DEBUG g.i.j.JetcsServiceHandlerApplication [] - org.springframework.boot.autoconfigure.aop.AopAutoConfiguration$AspectJAutoProxyingConfiguration
2024-12-19 11:29:27.543 [main] DEBUG g.i.j.JetcsServiceHandlerApplication [] - org.springframework.boot.autoconfigure.aop.AopAutoConfiguration
2024-12-19 11:29:27.543 [main] DEBUG g.i.j.JetcsServiceHandlerApplication [] - org.springframework.boot.autoconfigure.context.ConfigurationPropertiesAutoConfiguration
2024-12-19 11:29:27.543 [main] DEBUG g.i.j.JetcsServiceHandlerApplication [] - org.springframework.boot.autoconfigure.context.LifecycleAutoConfiguration
2024-12-19 11:29:27.543 [main] DEBUG g.i.j.JetcsServiceHandlerApplication [] - lifecycleProcessor
2024-12-19 11:29:27.544 [main] DEBUG g.i.j.JetcsServiceHandlerApplication [] - spring.lifecycle-org.springframework.boot.autoconfigure.context.LifecycleProperties
2024-12-19 11:29:27.544 [main] DEBUG g.i.j.JetcsServiceHandlerApplication [] - org.springframework.boot.autoconfigure.netty.NettyAutoConfiguration
2024-12-19 11:29:27.544 [main] DEBUG g.i.j.JetcsServiceHandlerApplication [] - spring.netty-org.springframework.boot.autoconfigure.netty.NettyProperties
2024-12-19 11:29:27.545 [main] DEBUG g.i.j.JetcsServiceHandlerApplication [] - org.springframework.boot.autoconfigure.reactor.ReactorAutoConfiguration
2024-12-19 11:29:27.545 [main] DEBUG g.i.j.JetcsServiceHandlerApplication [] - spring.reactor-org.springframework.boot.autoconfigure.reactor.ReactorProperties
2024-12-19 11:29:27.545 [main] DEBUG g.i.j.JetcsServiceHandlerApplication [] - org.springframework.boot.autoconfigure.sql.init.SqlInitializationAutoConfiguration
2024-12-19 11:29:27.545 [main] DEBUG g.i.j.JetcsServiceHandlerApplication [] - spring.sql.init-org.springframework.boot.autoconfigure.sql.init.SqlInitializationProperties
2024-12-19 11:29:27.545 [main] DEBUG g.i.j.JetcsServiceHandlerApplication [] - org.springframework.boot.sql.init.dependency.DatabaseInitializationDependencyConfigurer$DependsOnDatabaseInitializationPostProcessor
2024-12-19 11:29:27.546 [main] DEBUG g.i.j.JetcsServiceHandlerApplication [] - org.springframework.boot.autoconfigure.web.embedded.EmbeddedWebServerFactoryCustomizerAutoConfiguration$NettyWebServerFactoryCustomizerConfiguration
2024-12-19 11:29:27.546 [main] DEBUG g.i.j.JetcsServiceHandlerApplication [] - nettyWebServerFactoryCustomizer
2024-12-19 11:29:27.546 [main] DEBUG g.i.j.JetcsServiceHandlerApplication [] - org.springframework.boot.autoconfigure.web.embedded.EmbeddedWebServerFactoryCustomizerAutoConfiguration$TomcatWebServerFactoryCustomizerConfiguration
2024-12-19 11:29:27.546 [main] DEBUG g.i.j.JetcsServiceHandlerApplication [] - tomcatWebServerFactoryCustomizer
2024-12-19 11:29:27.546 [main] DEBUG g.i.j.JetcsServiceHandlerApplication [] - org.springframework.boot.autoconfigure.web.embedded.EmbeddedWebServerFactoryCustomizerAutoConfiguration
2024-12-19 11:29:27.550 [main] DEBUG g.i.j.JetcsServiceHandlerApplication [] - org.springframework.boot.autoconfigure.web.servlet.HttpEncodingAutoConfiguration
2024-12-19 11:29:27.550 [main] DEBUG g.i.j.JetcsServiceHandlerApplication [] - characterEncodingFilter
2024-12-19 11:29:27.551 [main] DEBUG g.i.j.JetcsServiceHandlerApplication [] - localeCharsetMappingsCustomizer
2024-12-19 11:29:27.551 [main] DEBUG g.i.j.JetcsServiceHandlerApplication [] - org.springframework.boot.autoconfigure.web.servlet.MultipartAutoConfiguration
2024-12-19 11:29:27.551 [main] DEBUG g.i.j.JetcsServiceHandlerApplication [] - multipartConfigElement
2024-12-19 11:29:27.551 [main] DEBUG g.i.j.JetcsServiceHandlerApplication [] - multipartResolver
2024-12-19 11:29:27.552 [main] DEBUG g.i.j.JetcsServiceHandlerApplication [] - spring.servlet.multipart-org.springframework.boot.autoconfigure.web.servlet.MultipartProperties
2024-12-19 11:29:27.552 [main] DEBUG g.i.j.JetcsServiceHandlerApplication [] - org.springframework.cloud.autoconfigure.ConfigurationPropertiesRebinderAutoConfiguration
2024-12-19 11:29:27.552 [main] DEBUG g.i.j.JetcsServiceHandlerApplication [] - configurationPropertiesBeans
2024-12-19 11:29:27.552 [main] DEBUG g.i.j.JetcsServiceHandlerApplication [] - configurationPropertiesRebinder
2024-12-19 11:29:27.552 [main] DEBUG g.i.j.JetcsServiceHandlerApplication [] - org.springframework.cloud.autoconfigure.RefreshEndpointAutoConfiguration$RefreshEndpointConfiguration
2024-12-19 11:29:27.553 [main] DEBUG g.i.j.JetcsServiceHandlerApplication [] - org.springframework.cloud.autoconfigure.RestartEndpointWithoutIntegrationConfiguration
2024-12-19 11:29:27.553 [main] DEBUG g.i.j.JetcsServiceHandlerApplication [] - org.springframework.cloud.autoconfigure.PauseResumeEndpointsConfiguration
2024-12-19 11:29:27.553 [main] DEBUG g.i.j.JetcsServiceHandlerApplication [] - org.springframework.cloud.autoconfigure.RefreshEndpointAutoConfiguration
2024-12-19 11:29:27.553 [main] DEBUG g.i.j.JetcsServiceHandlerApplication [] - refreshScopeHealthIndicator
2024-12-19 11:29:27.553 [main] DEBUG g.i.j.JetcsServiceHandlerApplication [] - org.springframework.cloud.circuitbreaker.resilience4j.Resilience4JAutoConfiguration$ObservationRegistryCustomizerResilience4jCustomizer
2024-12-19 11:29:27.554 [main] DEBUG g.i.j.JetcsServiceHandlerApplication [] - org.springframework.cloud.circuitbreaker.resilience4j.Resilience4JAutoConfiguration$MicrometerResilience4JGroupCustomizerConfiguration
2024-12-19 11:29:27.558 [main] DEBUG g.i.j.JetcsServiceHandlerApplication [] - resilience4JMeterFilter
2024-12-19 11:29:27.558 [main] DEBUG g.i.j.JetcsServiceHandlerApplication [] - org.springframework.cloud.circuitbreaker.resilience4j.Resilience4JAutoConfiguration
2024-12-19 11:29:27.558 [main] DEBUG g.i.j.JetcsServiceHandlerApplication [] - resilience4jCircuitBreakerFactory
2024-12-19 11:29:27.558 [main] DEBUG g.i.j.JetcsServiceHandlerApplication [] - spring.cloud.circuitbreaker.resilience4j-org.springframework.cloud.circuitbreaker.resilience4j.Resilience4JConfigurationProperties
2024-12-19 11:29:27.559 [main] DEBUG g.i.j.JetcsServiceHandlerApplication [] - org.springframework.cloud.client.discovery.composite.CompositeDiscoveryClientAutoConfiguration
2024-12-19 11:29:27.559 [main] DEBUG g.i.j.JetcsServiceHandlerApplication [] - compositeDiscoveryClient
2024-12-19 11:29:27.559 [main] DEBUG g.i.j.JetcsServiceHandlerApplication [] - org.springframework.cloud.client.discovery.simple.SimpleDiscoveryClientAutoConfiguration
2024-12-19 11:29:27.559 [main] DEBUG g.i.j.JetcsServiceHandlerApplication [] - simpleDiscoveryProperties
2024-12-19 11:29:27.559 [main] DEBUG g.i.j.JetcsServiceHandlerApplication [] - simpleDiscoveryClient
2024-12-19 11:29:27.560 [main] DEBUG g.i.j.JetcsServiceHandlerApplication [] - org.springframework.cloud.client.CommonsClientAutoConfiguration$ActuatorConfiguration
2024-12-19 11:29:27.560 [main] DEBUG g.i.j.JetcsServiceHandlerApplication [] - org.springframework.cloud.client.CommonsClientAutoConfiguration$DiscoveryLoadBalancerConfiguration
2024-12-19 11:29:27.562 [main] DEBUG g.i.j.JetcsServiceHandlerApplication [] - discoveryClientHealthIndicator
2024-12-19 11:29:27.562 [main] DEBUG g.i.j.JetcsServiceHandlerApplication [] - discoveryCompositeHealthContributor
2024-12-19 11:29:27.574 [main] DEBUG g.i.j.JetcsServiceHandlerApplication [] - springCloudCommonsFeatures
2024-12-19 11:29:27.575 [main] DEBUG g.i.j.JetcsServiceHandlerApplication [] - spring.cloud.discovery.client.health-indicator-org.springframework.cloud.client.discovery.health.DiscoveryClientHealthIndicatorProperties
2024-12-19 11:29:27.575 [main] DEBUG g.i.j.JetcsServiceHandlerApplication [] - org.springframework.cloud.client.CommonsClientAutoConfiguration
2024-12-19 11:29:27.575 [main] DEBUG g.i.j.JetcsServiceHandlerApplication [] - org.springframework.cloud.client.discovery.composite.reactive.ReactiveCompositeDiscoveryClientAutoConfiguration
2024-12-19 11:29:27.575 [main] DEBUG g.i.j.JetcsServiceHandlerApplication [] - reactiveCompositeDiscoveryClient
2024-12-19 11:29:27.575 [main] DEBUG g.i.j.JetcsServiceHandlerApplication [] - org.springframework.cloud.client.discovery.simple.reactive.SimpleReactiveDiscoveryClientAutoConfiguration$HealthConfiguration
2024-12-19 11:29:27.576 [main] DEBUG g.i.j.JetcsServiceHandlerApplication [] - simpleReactiveDiscoveryClientHealthIndicator
2024-12-19 11:29:27.576 [main] DEBUG g.i.j.JetcsServiceHandlerApplication [] - org.springframework.cloud.client.discovery.simple.reactive.SimpleReactiveDiscoveryClientAutoConfiguration
2024-12-19 11:29:27.576 [main] DEBUG g.i.j.JetcsServiceHandlerApplication [] - simpleReactiveDiscoveryProperties
2024-12-19 11:29:27.576 [main] DEBUG g.i.j.JetcsServiceHandlerApplication [] - simpleReactiveDiscoveryClient
2024-12-19 11:29:27.576 [main] DEBUG g.i.j.JetcsServiceHandlerApplication [] - org.springframework.cloud.client.ReactiveCommonsClientAutoConfiguration$ReactiveDiscoveryLoadBalancerConfiguration
2024-12-19 11:29:27.577 [main] DEBUG g.i.j.JetcsServiceHandlerApplication [] - reactiveDiscoveryClients
2024-12-19 11:29:27.577 [main] DEBUG g.i.j.JetcsServiceHandlerApplication [] - reactiveCommonsFeatures
2024-12-19 11:29:27.577 [main] DEBUG g.i.j.JetcsServiceHandlerApplication [] - org.springframework.cloud.client.ReactiveCommonsClientAutoConfiguration
2024-12-19 11:29:27.577 [main] DEBUG g.i.j.JetcsServiceHandlerApplication [] - org.springframework.cloud.client.loadbalancer.LoadBalancerDefaultMappingsProviderAutoConfiguration
2024-12-19 11:29:27.577 [main] DEBUG g.i.j.JetcsServiceHandlerApplication [] - loadBalancerClientsDefaultsMappingsProvider
2024-12-19 11:29:27.578 [main] DEBUG g.i.j.JetcsServiceHandlerApplication [] - org.springframework.cloud.client.serviceregistry.AutoServiceRegistrationConfiguration
2024-12-19 11:29:27.578 [main] DEBUG g.i.j.JetcsServiceHandlerApplication [] - spring.cloud.service-registry.auto-registration-org.springframework.cloud.client.serviceregistry.AutoServiceRegistrationProperties
2024-12-19 11:29:27.578 [main] DEBUG g.i.j.JetcsServiceHandlerApplication [] - org.springframework.cloud.client.serviceregistry.AutoServiceRegistrationAutoConfiguration
2024-12-19 11:29:27.579 [main] DEBUG g.i.j.JetcsServiceHandlerApplication [] - org.springframework.cloud.client.serviceregistry.ServiceRegistryAutoConfiguration
2024-12-19 11:29:27.579 [main] DEBUG g.i.j.JetcsServiceHandlerApplication [] - org.springframework.cloud.commons.config.CommonsConfigAutoConfiguration
2024-12-19 11:29:27.579 [main] DEBUG g.i.j.JetcsServiceHandlerApplication [] - defaultsBindHandlerAdvisor
2024-12-19 11:29:27.579 [main] DEBUG g.i.j.JetcsServiceHandlerApplication [] - org.springframework.cloud.commons.security.ResourceServerTokenRelayAutoConfiguration$ResourceServerTokenRelayRegistrationAutoConfiguration
2024-12-19 11:29:27.579 [main] DEBUG g.i.j.JetcsServiceHandlerApplication [] - org.springframework.cloud.commons.security.ResourceServerTokenRelayAutoConfiguration
2024-12-19 11:29:27.579 [main] DEBUG g.i.j.JetcsServiceHandlerApplication [] - org.springframework.cloud.commons.util.UtilAutoConfiguration
2024-12-19 11:29:27.580 [main] DEBUG g.i.j.JetcsServiceHandlerApplication [] - inetUtilsProperties
2024-12-19 11:29:27.580 [main] DEBUG g.i.j.JetcsServiceHandlerApplication [] - inetUtils
2024-12-19 11:29:27.580 [main] DEBUG g.i.j.JetcsServiceHandlerApplication [] - org.springframework.cloud.openfeign.FeignAutoConfiguration$DefaultFeignTargeterConfiguration
2024-12-19 11:29:27.595 [main] DEBUG g.i.j.JetcsServiceHandlerApplication [] - feignTargeter
2024-12-19 11:29:27.597 [main] DEBUG g.i.j.JetcsServiceHandlerApplication [] - org.springframework.cloud.openfeign.FeignAutoConfiguration
2024-12-19 11:29:27.597 [main] DEBUG g.i.j.JetcsServiceHandlerApplication [] - feignFeature
2024-12-19 11:29:27.598 [main] DEBUG g.i.j.JetcsServiceHandlerApplication [] - feignContext
2024-12-19 11:29:27.599 [main] DEBUG g.i.j.JetcsServiceHandlerApplication [] - feignChildContextInitializer
2024-12-19 11:29:27.603 [main] DEBUG g.i.j.JetcsServiceHandlerApplication [] - feignClientBeanFactoryInitializationCodeGenerator
2024-12-19 11:29:27.603 [main] DEBUG g.i.j.JetcsServiceHandlerApplication [] - spring.cloud.openfeign.encoder-org.springframework.cloud.openfeign.support.FeignEncoderProperties
2024-12-19 11:29:27.603 [main] DEBUG g.i.j.JetcsServiceHandlerApplication [] - spring.cloud.openfeign.client-org.springframework.cloud.openfeign.FeignClientProperties
2024-12-19 11:29:27.603 [main] DEBUG g.i.j.JetcsServiceHandlerApplication [] - spring.cloud.openfeign.httpclient-org.springframework.cloud.openfeign.support.FeignHttpClientProperties
2024-12-19 11:29:27.603 [main] DEBUG g.i.j.JetcsServiceHandlerApplication [] - org.springframework.boot.actuate.autoconfigure.endpoint.web.ServletEndpointManagementContextConfiguration$WebMvcServletEndpointManagementContextConfiguration
2024-12-19 11:29:27.607 [main] DEBUG g.i.j.JetcsServiceHandlerApplication [] - servletEndpointRegistrar
2024-12-19 11:29:27.607 [main] DEBUG g.i.j.JetcsServiceHandlerApplication [] - org.springframework.boot.actuate.autoconfigure.endpoint.web.ServletEndpointManagementContextConfiguration
2024-12-19 11:29:27.607 [main] DEBUG g.i.j.JetcsServiceHandlerApplication [] - servletExposeExcludePropertyEndpointFilter
2024-12-19 11:29:27.608 [main] DEBUG g.i.j.JetcsServiceHandlerApplication [] - org.springframework.boot.actuate.autoconfigure.endpoint.web.servlet.WebMvcEndpointManagementContextConfiguration
2024-12-19 11:29:27.608 [main] DEBUG g.i.j.JetcsServiceHandlerApplication [] - webEndpointServletHandlerMapping
2024-12-19 11:29:27.611 [main] DEBUG g.i.j.JetcsServiceHandlerApplication [] - controllerEndpointHandlerMapping
2024-12-19 11:29:27.611 [main] DEBUG g.i.j.JetcsServiceHandlerApplication [] - endpointObjectMapperWebMvcConfigurer
2024-12-19 11:29:27.611 [main] DEBUG g.i.j.JetcsServiceHandlerApplication [] - management.endpoints.web.cors-org.springframework.boot.actuate.autoconfigure.endpoint.web.CorsEndpointProperties
2024-12-19 11:29:27.612 [main] DEBUG g.i.j.JetcsServiceHandlerApplication [] - org.springframework.boot.actuate.autoconfigure.web.server.ManagementContextAutoConfiguration$SameManagementContextConfiguration$EnableSameManagementContextConfiguration
2024-12-19 11:29:27.612 [main] DEBUG g.i.j.JetcsServiceHandlerApplication [] - org.springframework.boot.actuate.autoconfigure.web.server.ManagementContextAutoConfiguration$SameManagementContextConfiguration
2024-12-19 11:29:27.612 [main] DEBUG g.i.j.JetcsServiceHandlerApplication [] - org.springframework.boot.actuate.autoconfigure.web.server.ManagementContextAutoConfiguration
2024-12-19 11:29:27.612 [main] DEBUG g.i.j.JetcsServiceHandlerApplication [] - management.server-org.springframework.boot.actuate.autoconfigure.web.server.ManagementServerProperties
2024-12-19 11:29:27.612 [main] DEBUG g.i.j.JetcsServiceHandlerApplication [] - *************************************************** END ***************************************************
